SF:lib/core/error/failure.dart
DA:6,2
DA:8,0
DA:9,0
DA:13,2
DA:17,1
DA:21,0
LF:6
LH:3
end_of_record
SF:lib/features/articles_feature/data/data_sources/article_remote_data_source.dart
DA:16,0
DA:18,0
DA:21,0
DA:23,0
DA:24,0
DA:26,0
LF:6
LH:0
end_of_record
SF:lib/features/articles_feature/data/models/articles.dart
DA:5,0
DA:9,0
DA:11,0
DA:12,0
DA:13,0
DA:14,0
DA:16,0
DA:17,0
DA:20,0
DA:21,0
DA:22,0
DA:23,0
DA:24,0
LF:13
LH:0
end_of_record
SF:lib/features/articles_feature/domain/entities/articles.dart
DA:9,1
DA:11,0
DA:12,0
DA:13,0
DA:14,0
DA:15,0
DA:16,0
DA:17,0
DA:22,0
DA:23,0
DA:24,0
DA:25,0
DA:26,0
DA:27,0
DA:31,1
DA:32,4
LF:16
LH:3
end_of_record
SF:lib/features/articles_feature/domain/usecases/get_articles_by_category.dart
DA:9,0
DA:11,0
DA:12,0
LF:3
LH:0
end_of_record
SF:lib/features/articles_feature/domain/entities/article.dart
DA:14,1
DA:16,0
DA:17,0
DA:18,0
DA:19,0
DA:20,0
DA:21,0
DA:22,0
DA:23,0
DA:24,0
DA:27,0
DA:28,0
DA:29,0
DA:30,0
DA:31,0
DA:32,0
DA:33,0
DA:34,0
DA:35,0
DA:36,0
DA:40,1
DA:42,9
LF:22
LH:3
end_of_record
SF:lib/features/articles_feature/presentation/bloc/article_bloc.dart
DA:9,3
DA:10,2
DA:13,1
DA:15,2
DA:16,3
DA:17,2
DA:18,3
DA:19,1
DA:20,2
LF:9
LH:9
end_of_record
SF:lib/features/articles_feature/presentation/bloc/article_event.dart
DA:4,1
DA:6,0
DA:7,0
DA:13,1
DA:15,0
DA:16,0
LF:6
LH:2
end_of_record
SF:lib/features/articles_feature/presentation/bloc/article_state.dart
DA:5,2
DA:7,1
DA:8,1
DA:18,1
DA:20,1
DA:21,2
DA:27,2
DA:29,1
DA:30,2
LF:9
LH:9
end_of_record
SF:lib/core/constants/constants.dart
DA:4,0
DA:5,0
LF:2
LH:0
end_of_record
SF:lib/features/articles_feature/data/models/article.dart
DA:5,0
DA:13,0
DA:23,0
DA:24,0
DA:25,0
DA:26,0
DA:27,0
DA:28,0
DA:29,0
DA:30,0
DA:31,0
DA:35,0
DA:36,0
DA:37,0
DA:38,0
DA:39,0
DA:40,0
DA:41,0
DA:42,0
DA:44,0
DA:45,0
DA:46,0
DA:47,0
DA:48,0
DA:49,0
DA:50,0
DA:51,0
LF:27
LH:0
end_of_record
SF:lib/features/articles_feature/data/repositories/article_repository_impl.dart
DA:13,0
DA:15,0
DA:20,0
DA:21,0
DA:22,0
DA:24,0
LF:6
LH:0
end_of_record
SF:lib/features/articles_feature/domain/entities/source.dart
DA:7,0
DA:9,0
DA:10,0
DA:11,0
DA:14,0
DA:15,0
DA:16,0
DA:17,0
DA:21,0
DA:22,0
LF:10
LH:0
end_of_record
